# JRE version: Java(TM) SE Runtime Environment (21.0.1+12) (build 21.0.1+12-LTS-29)
# Java VM: Java HotSpot(TM) 64-Bit Server VM (21.0.1+12-LTS-29, mixed mode, emulated-client, sharing, tiered, compressed oops, compressed class ptrs, g1 gc, windows-amd64)
GC Precious Log:
 CardTable entry size: 512
 Card Set container configuration: InlinePtr #cards 4 size 8 Array Of Cards #cards 16 size 48 Howl #buckets 8 coarsen threshold 3686 Howl Bitmap #cards 512 size 80 coarsen threshold 460 Card regions per heap region 1 cards per card region 4096
 CPUs: 2 total, 2 available
 Memory: 3976M
 Large Page Support: Disabled
 NUMA Support: Disabled
 Compressed Oops: Enabled (Zero based)
 Heap Region Size: 2M
 Heap Min Capacity: 8M
 Heap Initial Capacity: 64M
 Heap Max Capacity: 3G
 Pre-touch: Disabled
 Parallel Workers: 2
 Concurrent Workers: 1
 Concurrent Refinement Workers: 2
 Periodic GC: Disabled
Heap:
 garbage-first heap   total 1114112K, used 397312K [0x0000000740000000, 0x0000000800000000)
  region size 2048K, 3 young (6144K), 3 survivors (6144K)
 Metaspace       used 9561K, committed 9728K, reserved 1114112K
  class space    used 1060K, committed 1152K, reserved 1048576K
GC Heap History (20 events):
Event: 70.746 GC heap after
{Heap after GC invocations=48 (full 0):
 garbage-first heap   total 1114112K, used 267264K [0x0000000740000000, 0x0000000800000000)
  region size 2048K, 12 young (24576K), 12 survivors (24576K)
 Metaspace       used 8517K, committed 8640K, reserved 1114112K
  class space    used 904K, committed 960K, reserved 1048576K
}
Event: 73.474 GC heap before
{Heap before GC invocations=48 (full 0):
 garbage-first heap   total 1114112K, used 910336K [0x0000000740000000, 0x0000000800000000)
  region size 2048K, 326 young (667648K), 12 survivors (24576K)
 Metaspace       used 8517K, committed 8640K, reserved 1114112K
  class space    used 904K, committed 960K, reserved 1048576K
}
Event: 73.532 GC heap after
{Heap after GC invocations=49 (full 0):
 garbage-first heap   total 1114112K, used 269312K [0x0000000740000000, 0x0000000800000000)
  region size 2048K, 13 young (26624K), 13 survivors (26624K)
 Metaspace       used 8517K, committed 8640K, reserved 1114112K
  class space    used 904K, committed 960K, reserved 1048576K
}
Event: 76.743 GC heap before
{Heap before GC invocations=49 (full 0):
 garbage-first heap   total 1114112K, used 910336K [0x0000000740000000, 0x0000000800000000)
  region size 2048K, 326 young (667648K), 13 survivors (26624K)
 Metaspace       used 8517K, committed 8640K, reserved 1114112K
  class space    used 904K, committed 960K, reserved 1048576K
}
Event: 76.866 GC heap after
{Heap after GC invocations=50 (full 0):
 garbage-first heap   total 1114112K, used 270336K [0x0000000740000000, 0x0000000800000000)
  region size 2048K, 13 young (26624K), 13 survivors (26624K)
 Metaspace       used 8517K, committed 8640K, reserved 1114112K
  class space    used 904K, committed 960K, reserved 1048576K
}
Event: 81.518 GC heap before
{Heap before GC invocations=50 (full 0):
 garbage-first heap   total 1114112K, used 911360K [0x0000000740000000, 0x0000000800000000)
  region size 2048K, 326 young (667648K), 13 survivors (26624K)
 Metaspace       used 8854K, committed 8960K, reserved 1114112K
  class space    used 964K, committed 1024K, reserved 1048576K
}
Event: 82.158 GC heap after
{Heap after GC invocations=51 (full 0):
 garbage-first heap   total 1114112K, used 356352K [0x0000000740000000, 0x0000000800000000)
  region size 2048K, 41 young (83968K), 41 survivors (83968K)
 Metaspace       used 8854K, committed 8960K, reserved 1114112K
  class space    used 964K, committed 1024K, reserved 1048576K
}
Event: 82.179 GC heap before
{Heap before GC invocations=51 (full 0):
 garbage-first heap   total 1114112K, used 358400K [0x0000000740000000, 0x0000000800000000)
  region size 2048K, 42 young (86016K), 41 survivors (83968K)
 Metaspace       used 8854K, committed 8960K, reserved 1114112K
  class space    used 964K, committed 1024K, reserved 1048576K
}
Event: 83.375 GC heap after
{Heap after GC invocations=52 (full 0):
 garbage-first heap   total 1114112K, used 360448K [0x0000000740000000, 0x0000000800000000)
  region size 2048K, 2 young (4096K), 2 survivors (4096K)
 Metaspace       used 8854K, committed 8960K, reserved 1114112K
  class space    used 964K, committed 1024K, reserved 1048576K
}
Event: 89.860 GC heap before
{Heap before GC invocations=52 (full 0):
 garbage-first heap   total 1114112K, used 411648K [0x0000000740000000, 0x0000000800000000)
  region size 2048K, 27 young (55296K), 2 survivors (4096K)
 Metaspace       used 8914K, committed 9024K, reserved 1114112K
  class space    used 972K, committed 1024K, reserved 1048576K
}
Event: 89.909 GC heap after
{Heap after GC invocations=53 (full 0):
 garbage-first heap   total 1114112K, used 366592K [0x0000000740000000, 0x0000000800000000)
  region size 2048K, 4 young (8192K), 4 survivors (8192K)
 Metaspace       used 8914K, committed 9024K, reserved 1114112K
  class space    used 972K, committed 1024K, reserved 1048576K
}
Event: 90.406 GC heap before
{Heap before GC invocations=53 (full 0):
 garbage-first heap   total 1114112K, used 413696K [0x0000000740000000, 0x0000000800000000)
  region size 2048K, 27 young (55296K), 4 survivors (8192K)
 Metaspace       used 8992K, committed 9152K, reserved 1114112K
  class space    used 985K, committed 1088K, reserved 1048576K
}
Event: 90.488 GC heap after
{Heap after GC invocations=54 (full 0):
 garbage-first heap   total 1114112K, used 390144K [0x0000000740000000, 0x0000000800000000)
  region size 2048K, 4 young (8192K), 4 survivors (8192K)
 Metaspace       used 8992K, committed 9152K, reserved 1114112K
  class space    used 985K, committed 1088K, reserved 1048576K
}
Event: 90.800 GC heap before
{Heap before GC invocations=54 (full 0):
 garbage-first heap   total 1114112K, used 437248K [0x0000000740000000, 0x0000000800000000)
  region size 2048K, 27 young (55296K), 4 survivors (8192K)
 Metaspace       used 8994K, committed 9152K, reserved 1114112K
  class space    used 986K, committed 1088K, reserved 1048576K
}
Event: 90.842 GC heap after
{Heap after GC invocations=55 (full 0):
 garbage-first heap   total 1114112K, used 392930K [0x0000000740000000, 0x0000000800000000)
  region size 2048K, 1 young (2048K), 1 survivors (2048K)
 Metaspace       used 8994K, committed 9152K, reserved 1114112K
  class space    used 986K, committed 1088K, reserved 1048576K
}
Event: 91.989 GC heap before
{Heap before GC invocations=55 (full 0):
 garbage-first heap   total 1114112K, used 450274K [0x0000000740000000, 0x0000000800000000)
  region size 2048K, 29 young (59392K), 1 survivors (2048K)
 Metaspace       used 9561K, committed 9728K, reserved 1114112K
  class space    used 1060K, committed 1152K, reserved 1048576K
}
Event: 92.019 GC heap after
{Heap after GC invocations=56 (full 0):
 garbage-first heap   total 1114112K, used 393841K [0x0000000740000000, 0x0000000800000000)
  region size 2048K, 2 young (4096K), 2 survivors (4096K)
 Metaspace       used 9561K, committed 9728K, reserved 1114112K
  class space    used 1060K, committed 1152K, reserved 1048576K
}
Event: 92.664 GC heap before
{Heap before GC invocations=56 (full 0):
 garbage-first heap   total 1114112K, used 471665K [0x0000000740000000, 0x0000000800000000)
  region size 2048K, 40 young (81920K), 2 survivors (4096K)
 Metaspace       used 9561K, committed 9728K, reserved 1114112K
  class space    used 1060K, committed 1152K, reserved 1048576K
}
Event: 92.719 GC heap after
{Heap after GC invocations=57 (full 0):
 garbage-first heap   total 1114112K, used 395768K [0x0000000740000000, 0x0000000800000000)
  region size 2048K, 3 young (6144K), 3 survivors (6144K)
 Metaspace       used 9561K, committed 9728K, reserved 1114112K
  class space    used 1060K, committed 1152K, reserved 1048576K
}
Event: 93.445 GC heap before
{Heap before GC invocations=57 (full 0):
 garbage-first heap   total 1114112K, used 471544K [0x0000000740000000, 0x0000000800000000)
  region size 2048K, 40 young (81920K), 3 survivors (6144K)
 Metaspace       used 9561K, committed 9728K, reserved 1114112K
  class space    used 1060K, committed 1152K, reserved 1048576K
}

